<?xml version="1.0" encoding="UTF-8"?>
<!-- Generated by org.testng.reporters.JUnitReportReporter -->
<testsuite skipped="0" hostname="Mehmet" name="com.practice.XlRecap" tests="1" failures="0" timestamp="2020-01-24T20:50:38 CST" time="0.843" errors="0">
  <testcase name="read" time="0.843" classname="com.practice.XlRecap"/>
</testsuite> <!-- com.practice.XlRecap -->
