<?xml version="1.0" encoding="UTF-8"?>
<!-- Generated by org.testng.reporters.JUnitReportReporter -->
<testsuite skipped="0" hostname="Mehmet" name="com.practice.XLReading" tests="1" failures="0" timestamp="2020-01-24T19:40:00 CST" time="0.852" errors="0">
  <testcase name="read" time="0.852" classname="com.practice.XLReading"/>
</testsuite> <!-- com.practice.XLReading -->
