<?xml version="1.0" encoding="UTF-8"?>
<!-- Generated by org.testng.reporters.JUnitReportReporter -->
<testsuite skipped="0" hostname="Mehmet" name="com.practice.TimeStamp" tests="1" failures="0" timestamp="2020-01-25T12:37:00 CST" time="0.060" errors="0">
  <testcase name="getTime" time="0.060" classname="com.practice.TimeStamp"/>
</testsuite> <!-- com.practice.TimeStamp -->
