<?xml version="1.0" encoding="UTF-8"?>
<!-- Generated by org.testng.reporters.JUnitReportReporter -->
<testsuite skipped="0" hostname="Mehmet" name="com.practice.ExcelWriting" tests="1" failures="0" timestamp="2020-01-24T19:49:59 CST" time="0.983" errors="0">
  <testcase name="write" time="0.983" classname="com.practice.ExcelWriting"/>
</testsuite> <!-- com.practice.ExcelWriting -->
