<?xml version="1.0" encoding="UTF-8"?>
<!-- Generated by org.testng.reporters.JUnitReportReporter -->
<testsuite skipped="0" hostname="Mehmet" name="HomeWork.NewAddEmployeTest" tests="3" failures="0" timestamp="2020-01-25T09:51:12 CST" time="48.567" errors="0">
  <testcase name="addEmployeeTest" time="14.988" classname="HomeWork.NewAddEmployeTest"/>
  <testcase name="addEmployeeTest" time="18.430" classname="HomeWork.NewAddEmployeTest"/>
  <testcase name="addEmployeeTest" time="15.149" classname="HomeWork.NewAddEmployeTest"/>
</testsuite> <!-- HomeWork.NewAddEmployeTest -->
