<?xml version="1.0" encoding="UTF-8"?>
<!-- Generated by org.testng.reporters.JUnitReportReporter -->
<testsuite skipped="1" hostname="Mehmet" name="HomeWork.AddEmployeeByXlsxFile" tests="1" failures="0" timestamp="2020-01-24T21:05:05 CST" time="0.000" errors="0">
  <testcase name="addEmployee" time="0.000" classname="HomeWork.AddEmployeeByXlsxFile">
    <skipped/>
  </testcase> <!-- addEmployee -->
</testsuite> <!-- HomeWork.AddEmployeeByXlsxFile -->
