<?xml version="1.0" encoding="UTF-8"?>
<!-- Generated by org.testng.reporters.JUnitReportReporter -->
<testsuite skipped="0" hostname="Mehmet" name="com.testcases.LoginPageTest" tests="3" failures="0" timestamp="2020-01-19T10:39:32 CST" time="40.560" errors="0">
  <testcase name="login" time="15.136" classname="com.testcases.LoginPageTest"/>
  <testcase name="negativeLogin" time="14.485" classname="com.testcases.LoginPageTest"/>
  <testcase name="loginWithValidCredentials" time="10.939" classname="com.testcases.LoginPageTest"/>
</testsuite> <!-- com.testcases.LoginPageTest -->
