<?xml version="1.0" encoding="UTF-8"?>
<!-- Generated by org.testng.reporters.JUnitReportReporter -->
<testsuite skipped="0" hostname="Mehmet" name="com.practice.PropertyFileReading" tests="1" failures="0" timestamp="2020-01-24T20:42:08 CST" time="0.024" errors="0">
  <testcase name="read" time="0.024" classname="com.practice.PropertyFileReading"/>
</testsuite> <!-- com.practice.PropertyFileReading -->
