<?xml version="1.0" encoding="UTF-8"?>
<!-- Generated by org.testng.reporters.JUnitReportReporter -->
<testsuite skipped="0" hostname="Mehmet" name="com.hrms.testcases.AddEmployeeWithProperty" tests="1" failures="0" timestamp="2020-01-24T22:14:27 CST" time="16.414" errors="0">
  <testcase name="read" time="16.414" classname="com.hrms.testcases.AddEmployeeWithProperty"/>
</testsuite> <!-- com.hrms.testcases.AddEmployeeWithProperty -->
