<?xml version="1.0" encoding="UTF-8"?>
<!-- Generated by org.testng.reporters.JUnitReportReporter -->
<testsuite skipped="0" hostname="Mehmet" name="com.testcases.AddEmployeePageTest" tests="1" failures="0" timestamp="2020-01-19T12:34:04 CST" time="30.124" errors="0">
  <testcase name="addEmployee" time="30.124" classname="com.testcases.AddEmployeePageTest"/>
</testsuite> <!-- com.testcases.AddEmployeePageTest -->
